Listening on 0.0.0.0:10001...
DEBUG: socketSocket.fd = 3
â­• The root node has connected
â­• nNodes: 2
â­• NodeIndex: 1
â­• Socket[0]: accepted root node
â­• Worker[1]: expecting 0 peer workers
â­• Worker[1]: config received, sending initial ACK to root
â­• Worker[1]: waiting root-ready ACK
â­• Worker[1]: root-ready ACK received
â­• Network is initialized
đź“€ RequiredMemory: 695 MB
đź§  CPU: neon fp16
đź’ż Loaded         block_matmul_q   0,         1152 kB
đź’ż Loaded         block_matmul_k   0,          288 kB
đź’ż Loaded         block_matmul_v   0,          288 kB
đź’ż Loaded        block_matmul_wo   0,         1152 kB
đź’ż Loaded        block_matmul_w1   0,         4608 kB
đź’ż Loaded        block_matmul_w2   0,         4608 kB
đź’ż Loaded        block_matmul_w3   0,         4608 kB
đź’ż Loaded           block_norm_0   0,            8 kB
đź’ż Loaded           block_norm_1   0,            8 kB
đź’ż Loaded         block_matmul_q   1,         1152 kB
đź’ż Loaded         block_matmul_k   1,          288 kB
đź’ż Loaded         block_matmul_v   1,          288 kB
đź’ż Loaded        block_matmul_wo   1,         1152 kB
đź’ż Loaded        block_matmul_w1   1,         4608 kB
đź’ż Loaded        block_matmul_w2   1,         4608 kB
đź’ż Loaded        block_matmul_w3   1,         4608 kB
đź’ż Loaded           block_norm_0   1,            8 kB
đź’ż Loaded           block_norm_1   1,            8 kB
đź’ż Loaded         block_matmul_q   2,         1152 kB
đź’ż Loaded         block_matmul_k   2,          288 kB
đź’ż Loaded         block_matmul_v   2,          288 kB
đź’ż Loaded        block_matmul_wo   2,         1152 kB
đź’ż Loaded        block_matmul_w1   2,         4608 kB
đź’ż Loaded        block_matmul_w2   2,         4608 kB
đź’ż Loaded        block_matmul_w3   2,         4608 kB
đź’ż Loaded           block_norm_0   2,            8 kB
đź’ż Loaded           block_norm_1   2,            8 kB
đź’ż Loaded         block_matmul_q   3,         1152 kB
đź’ż Loaded         block_matmul_k   3,          288 kB
đź’ż Loaded         block_matmul_v   3,          288 kB
đź’ż Loaded        block_matmul_wo   3,         1152 kB
đź’ż Loaded        block_matmul_w1   3,         4608 kB
đź’ż Loaded        block_matmul_w2   3,         4608 kB
đź’ż Loaded        block_matmul_w3   3,         4608 kB
đź’ż Loaded           block_norm_0   3,            8 kB
đź’ż Loaded           block_norm_1   3,            8 kB
đź’ż Loaded         block_matmul_q   4,         1152 kB
đź’ż Loaded         block_matmul_k   4,          288 kB
đź’ż Loaded         block_matmul_v   4,          288 kB
đź’ż Loaded        block_matmul_wo   4,         1152 kB
đź’ż Loaded        block_matmul_w1   4,         4608 kB
đź’ż Loaded        block_matmul_w2   4,         4608 kB
đź’ż Loaded        block_matmul_w3   4,         4608 kB
đź’ż Loaded           block_norm_0   4,            8 kB
đź’ż Loaded           block_norm_1   4,            8 kB
đź’ż Loaded         block_matmul_q   5,         1152 kB
đź’ż Loaded         block_matmul_k   5,          288 kB
đź’ż Loaded         block_matmul_v   5,          288 kB
đź’ż Loaded        block_matmul_wo   5,         1152 kB
đź’ż Loaded        block_matmul_w1   5,         4608 kB
đź’ż Loaded        block_matmul_w2   5,         4608 kB
đź’ż Loaded        block_matmul_w3   5,         4608 kB
đź’ż Loaded           block_norm_0   5,            8 kB
đź’ż Loaded           block_norm_1   5,            8 kB
đź’ż Loaded         block_matmul_q   6,         1152 kB
đź’ż Loaded         block_matmul_k   6,          288 kB
đź’ż Loaded         block_matmul_v   6,          288 kB
đź’ż Loaded        block_matmul_wo   6,         1152 kB
đź’ż Loaded        block_matmul_w1   6,         4608 kB
đź’ż Loaded        block_matmul_w2   6,         4608 kB
đź’ż Loaded        block_matmul_w3   6,         4608 kB
đź’ż Loaded           block_norm_0   6,            8 kB
đź’ż Loaded           block_norm_1   6,            8 kB
đź’ż Loaded         block_matmul_q   7,         1152 kB
đź’ż Loaded         block_matmul_k   7,          288 kB
đź’ż Loaded         block_matmul_v   7,          288 kB
đź’ż Loaded        block_matmul_wo   7,         1152 kB
đź’ż Loaded        block_matmul_w1   7,         4608 kB
đź’ż Loaded        block_matmul_w2   7,         4608 kB
đź’ż Loaded        block_matmul_w3   7,         4608 kB
đź’ż Loaded           block_norm_0   7,            8 kB
đź’ż Loaded           block_norm_1   7,            8 kB
đź’ż Loaded         block_matmul_q   8,         1152 kB
đź’ż Loaded         block_matmul_k   8,          288 kB
đź’ż Loaded         block_matmul_v   8,          288 kB
đź’ż Loaded        block_matmul_wo   8,         1152 kB
đź’ż Loaded        block_matmul_w1   8,         4608 kB
đź’ż Loaded        block_matmul_w2   8,         4608 kB
đź’ż Loaded        block_matmul_w3   8,         4608 kB
đź’ż Loaded           block_norm_0   8,            8 kB
đź’ż Loaded           block_norm_1   8,            8 kB
đź’ż Loaded         block_matmul_q   9,         1152 kB
đź’ż Loaded         block_matmul_k   9,          288 kB
đź’ż Loaded         block_matmul_v   9,          288 kB
đź’ż Loaded        block_matmul_wo   9,         1152 kB
đź’ż Loaded        block_matmul_w1   9,         4608 kB
đź’ż Loaded        block_matmul_w2   9,         4608 kB
đź’ż Loaded        block_matmul_w3   9,         4608 kB
đź’ż Loaded           block_norm_0   9,            8 kB
đź’ż Loaded           block_norm_1   9,            8 kB
đź’ż Loaded         block_matmul_q  10,         1152 kB
đź’ż Loaded         block_matmul_k  10,          288 kB
đź’ż Loaded         block_matmul_v  10,          288 kB
đź’ż Loaded        block_matmul_wo  10,         1152 kB
đź’ż Loaded        block_matmul_w1  10,         4608 kB
đź’ż Loaded        block_matmul_w2  10,         4608 kB
đź’ż Loaded        block_matmul_w3  10,         4608 kB
đź’ż Loaded           block_norm_0  10,            8 kB
đź’ż Loaded           block_norm_1  10,            8 kB
đź’ż Loaded         block_matmul_q  11,         1152 kB
đź’ż Loaded         block_matmul_k  11,          288 kB
đź’ż Loaded         block_matmul_v  11,          288 kB
đź’ż Loaded        block_matmul_wo  11,         1152 kB
đź’ż Loaded        block_matmul_w1  11,         4608 kB
đź’ż Loaded        block_matmul_w2  11,         4608 kB
đź’ż Loaded        block_matmul_w3  11,         4608 kB
đź’ż Loaded           block_norm_0  11,            8 kB
đź’ż Loaded           block_norm_1  11,            8 kB
đź’ż Loaded         block_matmul_q  12,         1152 kB
đź’ż Loaded         block_matmul_k  12,          288 kB
đź’ż Loaded         block_matmul_v  12,          288 kB
đź’ż Loaded        block_matmul_wo  12,         1152 kB
đź’ż Loaded        block_matmul_w1  12,         4608 kB
đź’ż Loaded        block_matmul_w2  12,         4608 kB
đź’ż Loaded        block_matmul_w3  12,         4608 kB
đź’ż Loaded           block_norm_0  12,            8 kB
đź’ż Loaded           block_norm_1  12,            8 kB
đź’ż Loaded         block_matmul_q  13,         1152 kB
đź’ż Loaded         block_matmul_k  13,          288 kB
đź’ż Loaded         block_matmul_v  13,          288 kB
đź’ż Loaded        block_matmul_wo  13,         1152 kB
đź’ż Loaded        block_matmul_w1  13,         4608 kB
đź’ż Loaded        block_matmul_w2  13,         4608 kB
đź’ż Loaded        block_matmul_w3  13,         4608 kB
đź’ż Loaded           block_norm_0  13,            8 kB
đź’ż Loaded           block_norm_1  13,            8 kB
đź’ż Loaded         block_matmul_q  14,         1152 kB
đź’ż Loaded         block_matmul_k  14,          288 kB
đź’ż Loaded         block_matmul_v  14,          288 kB
đź’ż Loaded        block_matmul_wo  14,         1152 kB
đź’ż Loaded        block_matmul_w1  14,         4608 kB
đź’ż Loaded        block_matmul_w2  14,         4608 kB
đź’ż Loaded        block_matmul_w3  14,         4608 kB
đź’ż Loaded           block_norm_0  14,            8 kB
đź’ż Loaded           block_norm_1  14,            8 kB
đź’ż Loaded         block_matmul_q  15,         1152 kB
đź’ż Loaded         block_matmul_k  15,          288 kB
đź’ż Loaded         block_matmul_v  15,          288 kB
đź’ż Loaded        block_matmul_wo  15,         1152 kB
đź